<?xml version="1.0" encoding="UTF-8"?>
<!-- Generated by org.testng.reporters.JUnitReportReporter -->
<testsuite hostname="Bunny" failures="0" tests="1" name="testRunner.practice" time="0.009" errors="0" timestamp="2024-06-10T22:25:22 IST" skipped="0">
  <testcase classname="testRunner.practice" name="run" time="0.009"/>
  <system-out/>
</testsuite> <!-- testRunner.practice -->
